                                                                                                                                            
                                                                                                                                            
                                                                                                                                            
                     F7                                                                                                                     
                    FJ|F7 F-7                                                                                                               
                    L7||| |FJF7                                                            F7                                               
                     ||||FJ|FJL7                           F7                              |L7                                              
                 F---JLJ|L7LJF-J   F7F7 F7                FJ|         F-7             F7   |FJ                                              
                 |F7F-7FJFJF-J  F7FJLJ| ||                L7|         L7|          F7 || F-JL7                                              
                 LJ||FJL7L7L---7||L--7|FJ|F7F7            FJ|F7        ||        F-J|FJL7L--7|F7   F7                                       
                   LJ|F7L-JF---J||F-7|||FJ||||      F7F--7L7|||    F7 FJ| F7     L7FJ|F-J  FJLJ|F7FJL--7                                    
                    FJ|L--7|F7 FJ|L7||LJ|FJLJL7F7F7FJ|L7FJ |||L7  FJL7L7|FJ|F-7F7FJ|FJL7F7 L7F-J||L-7F-J                                    
               F7   L-JF7FJLJ|FJFJFJ|L-7||F--7||LJ|L7|FJ|F7|||FJF7L-7|FJ||FJL7|||L7||F-J||F7|L7FJL--JL--7                                   
               |L----7FJ||F--JL7L7L7|F7|LJL-7LJL7FJFJ|L7||LJLJL7||F-J|L7||L7FJLJL-JLJ|F7|||LJFJL7F------J F7                                
               L----7|L7|||F-7FJFJFJLJ|L7F--JF7 || L7L-J|L---7FJ|||F-JFJLJFJL---7F---J|LJLJF7|F-JL-7 F7  FJL7   F7F--7                      
                  F7||FJLJLJFJL7L7L-7FJ |L-7FJL7||F7|F--J F7FJL7|LJ|F7L7F7|F----JL--7FJF---JLJL-7F-JFJL7FJF-J   |||F-J                      
               F--JLJLJF7F--JF7L7L7FJL7FJF-J|F7||||LJ| F7FJ||F-JL7FJ|L7LJ||L---7F7F7|L7L-7F7F7F7|L7FJF-J|FJF7  FJ|||F7                      
               L-------J|| F7|L7|FJL7FJL7L-7||LJ||L-7L7||L7LJL7 FJL7|FJF7||F--7LJ||LJ L-7||||LJ||FJ|FJF7|L7||  L7LJLJ|                      
               F-7F-----JL-JLJFJ||F7||F7L7FJ|L7 ||F7|FJ|| L-7FJFJF-J|L7|LJLJF7|F-JL7 F7FJLJ||F7||L-J| ||L7||L7 FJF--7|                      
               L7|L-----7F-7F-J |LJ||||L7|L7|FJFJLJLJL7|L--7|L7L7L-7|FJ|F--7|LJL-7FJFJ||F--J||LJ|F--JFJ|FJ|L7|FJFJF7LJ                      
             F-7|L-----7LJ || F7L7FJ|||FJL7LJL7L-----7||F--J|FJFJF-J|L7LJF7|L7F-7|| L7|||F-7||F7|L7F7L7|L7L7||L7| ||F7                      
             L7LJF7F--7L7F-JL7|| ||FJLJ|F-JF7FJ F-7F-JLJL7F7|L7L7L-7L7|F7|LJFJL7||L7FJLJLJFJ|||||FJ|L7|L7|FJ||FJL-JLJ|                      
              L--JLJ  L7|L-7FJ|L-J|L7F-JL7FJLJF7|FJL-7F7FJ|LJFJFJF7|FJ|||L7FJF7||L7|L---7FJFJ|||||FJFJL7LJL7|||F-----JF7                    
              F---7  F-JL-7|L7L--7| |L-7 |L-7FJ||L7F7LJ|L7|F-JFJFJLJ|FJ||FJL7||||FJL7F-7|L7L7||||LJFJF-JF-7LJLJL7F-7 FJL7                   
              L--7|F7L---7LJFJF7FJL-JF-JFJF7|L7||FJ||F7L7||| FJFJ  FJ|FJ|L-7|||||L-7|L7|L7|FJLJ||F-J L--J L-7F--J|FJFJF-J                   
            F----J|||F7F-JF7L7||L-7F7L-7|FJLJ ||||FJLJL-JLJ|FJFJF7FJFJL7|F7||SLJL7FJ|FJ|FJ|L-7FJ|L-7F--7F7F-JL-7FJL7|FJ F7                  
            |F---7LJLJ||F7||FJ||F7LJ|F-J|L--7FJ|||L--7F--7FJ|FJFJ||FJ FJLJ|||L--7|L7|L7|L7L7FJL7|F-JL7FJ||L-7F-JL7FJ||F7||  F7F7            
            LJF7FJF--7|LJLJ|L-J||L--J|F7|F--JL7LJL-7 LJF-J|FJL7|FJ||F7L-7FJ||F7 |L7||FJ|FJFJ|F7LJL7F7|L7|| FJL-7FJ|FJLJLJ|F7|LJ|            
          F---J|L-JF-J| F7 L7F-JL---7LJLJ|F7F-JF---JF7 L-7LJF-J||FJ||| FJ| ||||FJFJ|||FJ|FJ ||L---J||L7|||FJF--JL7||F----J|||F-J   F7       
          L-7F7L-7 L-7|FJL--J| F-7F-JF---J||L-7L7 F7|L-7FJF-J FJ|L7|||FJFJFJLJ||FJFJLJL7|| FJL---7FJL7|||||FJF7F7||||F7F-7|LJL--7 FJ|       
            LJL-7|F--JLJF-7F7L7L7|L-7L--7FJL7FJFJFJ||F-JL7L--7L7L-JLJ|L7L7L--7||L7|F--7||L7L7F---J|F-J|LJLJ| |LJLJLJLJLJFJL7F---JFJFJ       
           F---7|LJF-7F7|FJ|L7L7|L7 |F--JL-7|L7| L7||L-7 |F--J L--7F-J |FJF--J||FJLJF7|LJFJFJL-7F7|L7FJF---JFJF7F7F7F7F-JF7||F---JFJ        
          FJF-7|L-7| LJ||L-J L7LJFJFJL-7F7FJ|FJL-7|||F-JFJL-7 F7 FJL7F7|| L-7FJ|| F-J|L7FJ |F--J|||FJ|FJF-7FJFJLJ|||||L--JLJ||F7F7|         
          L-JFJL--J|F--J|F---7|F7L7L7F-J||L7|L7F-J||||F7L--7L7||FJF-J|||L7F7|L7|L7|F7L7|L7FJL7F7|LJ|FJL7|FJ|FJ F7LJ|||F7F-7FJ||LJ||         
            FJF-7F-JL7F7||F-7|||L7L7||F7|| || ||F7|||||| F7|FJ|||FJF7|||FJ||L7|L7|||L-J|FJL7FJ||L7FJ|F-J|L-JL--JL-7LJLJLJ LJFJL7 LJ         
            L7L7LJ F7LJLJLJFJ|LJ L7LJ||LJL7|L-J||LJ||LJ|FJ|||FJ|||FJ||||L7||FJ|FJ||L-7FJL7FJ|FJ|FJ|FJL7FJF--------J F---7F7FJF7L-7          
             L-JF--JL--7F-7L7L7 F7L7 LJF7 |L--7|L7FJL7FJL7LJ||FJ||| |||L7LJ|| ||FJ|F7||  |L7|L7LJFJ|F7||FJF7F--7F7F7|F--J|LJFJL--J          
                L-----7|L7| L7L-JL-JF-7|L-JF7FJL-J|F7|L7FJF-J|L7||L7||L7L-7LJFJ||FJ|LJL7FJFJL7L-7L7||LJ|L-JLJF7||||||L7F-JF7L--7F7          
               F7F7F--JL7||F7L------JFJL7F7||L---7||||FJL7L7FJFJ||FJ|L7L7FJF-JFJLJFJF7FJ|FJ FJF7|FJ|L7FJ F7F-JLJ|||||FJ|F-JL7F7LJL7         
              FJLJ|L---7||||L--------JF7LJ|||F7F-JLJ||L7FJFJL7L7||| L7L7LJ L7FJF--JFJ|L7|L-7|FJ||L7|FJ|F-JLJF7F7|||||L-JL7 FJ|L7F7|         
              L--7L----JLJ|L-------7F7||F7|||||L7F--JL7|L7|F7L7LJ||F-JFJ F--JL7L--7| L7|L--J|L7LJFJ|L-JL----JLJLJLJLJF7F7L7L-JFJ|LJ         
             F---JF------7|F7 F7F--J||||||||LJL7|L-7F7||FJ|||FJF-J|L-7|F7|F7F7L-7FJL7FJL---7L7L-7L-JF--7F----7F-7F-7FJ||L7L--7L-J           
             L---7|F-----JLJL7||L---JLJLJ|LJF--JL-7||||||FJ||| L-7L-7|||LJ|||L7FJL7FJL7F-7FJ |F7| F7L-7|L---7|L7|| |L7|L7|F--JF7            
              F--J|L---7F-7F7||| F--7F7F7L-7L--7F-JLJ||LJL7||L-7FJF7|LJ|F-J||FJ|F7||F7|| |L-7||||FJL--JL----JL7||L7L-J|FJ|L7F-J|            
              L7F-JF7F7LJ LJ|LJL-JF7LJLJL7FJF-7|L--7 LJF--J||F7|L7||L-7|L7 LJL7||||||LJL7L7FJ||||L---------7F7LJL7L--7LJ L7LJF7|            
              FJ|F-JLJL-----JF7F--JL---7FJL-JFJ|F7FJF7 L7F7|||||FJ||F-JL7|F---J||LJ|L7F-JFJL7||||F7F-------J||F7 L---JF--7|F-J|L--7         
              L-JL-7F-7F--7F7|LJF-----7||F7F-J |||L-JL-7LJ||LJ||L7||L--7LJL---7|L-7L7|L-7L7FJLJLJ||L--7F---7|LJL---7 FJF7||L-7|F7FJ         
             F-----JL7||F-J|LJF7L--7F7LJ|||L--7|||F-7F-J FJL7FJL7||L7F7L7F7F--J|F-JFJ|F-JFJL-7F--JL---J|F--J|F-7F-7L-JFJLJ|F-JLJLJ          
             L-----7FJLJL--J FJ|F--J||F7LJL---J|||L7LJ F7L7FJL7FJ||FJ||FJ||L---JL7FJ |L-7|F7FJL--------JL---JL7|L7|F--JF7 LJF7 F7           
             F7 F--J|F7F----7L7|L---JLJL-----7FJ|L7| F-JL7||F-JL7||L7||L-JL---7F-JL7FJF7|||LJF7F7 F---7F--7F7FJL-JLJF7FJL-7 |L-J|           
             |L7L---J||L---7L-JL-7F----7F----JL-J |L-JF--JLJL7F7|LJFJ||F7F-7F-JL7F7|L7|||||F-JLJ|FJF-7LJF7LJLJ F--7FJLJF--JFJF--J           
          F-7L7| F---JL7F7 L7F7F7|L---7|L----7F7F7L--7L-----7LJ|| FJFJLJ||FJL--7LJ|L7||||LJL---7|L7|FJF7||F---7L7FJ|F--JF--JFJ F7           
         FJFJ |L7L----7|||F7LJLJ|L----JL--7F7LJLJL7F7L-7F---J  LJFJFJF--J|L7F7FJF-JFJLJ||F-----JL-J|L-JLJLJF--JFJ|FJL---JF-7L--JL-7         
         L7|F7L7|F-7F-JLJLJ| F7 L------7F7LJ|F-7F7LJL-7|L----7F--JFJ L--7L7||LJ L-7L--7|||F7F7F7F--JF---7F-J F7L7||F-----J L7F7F7FJ         
        F-JLJL-J|L7|L7F---7L-J|F7F--7F7LJL-7|| LJL-7F-JL-----JL--7L-7 F-JFJ|L-7F7FJF--JLJLJLJLJ||F-7L--7|L-7FJ|FJ|||F7F---7 LJ||LJ          
        L-7F-7F7L-JL7LJ F7L7F7LJ|L-7LJL7F--JLJF7F7FJL-7F----7 F--JF7| L7FJ |F-J||L-JF7 F-7 F7F7LJL7L---JL--J|FJL7LJLJLJF-7L-7 LJ            
          LJFJ|L---7|F7FJL-J||F7L-7L-7FJL-7F7 |LJ|L7F7||F--7L7L--7|||  LJ FJ|F-JL--7||FJFJFJLJL---JF7F7F--7 || FJF7F-7FJ L7FJ F-7           
          F7L-JF7 FJLJLJF-7FJLJL-7L--JL---J|L-JF7L7||LJ|L-7|FJF--J||L7    L7||F7F-7LJ|L7L7L-7F-7F7FJLJ||F-JFJL7|FJLJ LJF-7LJF7L7L7          
          |L---JL-JF7F--JFJL7F---JF7F7F----JF7FJL7|LJF7|F-JLJ L7F7|L7|   F-J|||||FJF7L7L7L-7LJ LJ|| F7LJL--JF7LJL--7F--JFJF-JL-JFJF--7      
         FJF----7F7|||F--JF-JL----JLJ|L7F---JLJF7LJF7|LJL--7   ||LJ LJ   L7FJ||LJ|FJL7L-JF7L--7F7LJFJL-7 F-7|L7F7F-JL7F-J L7F---JFJF-J      
         L7| F--J|||||L--7|F7 F7 F--7L-JL------JL7 ||L7F-7FJ   LJ         LJ LJF7LJF7|F7FJL7F7LJL--JF--JFJFJL7LJ||F7FJL-7F7|L7F7FJFJ        
          LJFJF-7|||LJ F7LJ||FJL7L-7L-----7F7F--7L-JL-JL7LJ                  F-JL--JLJ|||F7LJL-7F7F7L--7L7L--J FJLJLJF--J|LJFJ|LJFJ         
         F--JFJFJ|||F--JL--JLJF7L--J F7F-7LJ|L-7|F7F7F-7L---7                L----7F7FJLJ|L----J|||L7F7L7L--7F7L-7F-7L---JF-JFJF7L-7        
         L7F7| L-JLJL--7F-7F--JL-7F7FJLJFJF7L--JLJ|||L7L--7FJ                  F--J|LJ F7L-----7|LJ ||L7L---J|| FJL7L7F--7L--JFJ|F-J        
          LJLJF-7F7F7 FJ|FJ|F--7 LJ||F--J |L----7 LJL7L--7LJ                   L---JF7FJL-7F7F7|| F7LJ |F----JL7L-7L7|L-7L----JFJ|          
            F7L7LJLJ|FJFJL-JL-7|F-7LJL----JF----JF7F7L--7L7                   F-----J|L--7LJLJ|||FJL--7LJF7F7F-J FJFJL--JF----7L-J          
          F7|| L---7LJFJ F7 F7||L7L-7F-7F-7L7F7F7|LJL--7L-JF7F7               L-7F7F7L--7L-7F7LJ|L-7F7L--JLJLJF-7L7L-----JF--7L-7           
          |LJL-----JF7|F7||FJLJL-JF7LJ LJ L-J|LJLJF-7F7L---J|||                 ||||L-7FJF7|||F7L7FJ|L--------JFJ L--7F---JF7L--J           
         FJF7F7F----JLJ|LJ|L---7F7|L7F7F7F7F7|F---J LJL-7F--J||                FJ|LJ FJL-JLJ|||L7|L-JF--------7L7F--7|L----JL-------7       
         L-JLJLJF7 F-7FJF7|F--7LJLJFJ|||||||||L--------7|| F7||                |FJF--JF7F-7FJ|| LJ F-JF------7L7LJF-J|F-7F-7F7F-----J       
             F7 |L7L7|L-J|LJF7L--7 | |||LJLJLJF-7F-----JLJFJLJL-7              LJ L7F7|||FJL7LJF7F7L--JF----7L7|F7| FJ| LJ LJ|L-----7       
            FJ| L7|FJL7F7L--JL--7|FJFJLJF7F-7FJ LJF----7 FJF--7FJ                  LJ||||L-7|F-JLJ|F-7 L---7L7||||L7L7|F7 F7 L7F7F-7L7      
        F--7L7L-7|||F7LJL7F-----J|L-JF--JLJFJL--7 |F--7L-JFJ  LJ                    FJ|LJF7LJL---7|L7L-----J LJLJL-JFJ||L-JL-7|||L7L-J      
        L-7L7L-7||||||F-7|L--7F-7L7F7L---7 L-7F7|FJL-7L---J                      F--JFJ FJL7F7F--JL7L--7F-7F7F7F---7|FJ|F-7F-JLJL-J         
       F-7L7L--JLJ|LJLJFJ|F7 LJ L7LJ|F7F7L-7FJ||LJF-7L7F---7                     L--7|F7L-7|||L-7F7L---J|FJ|||||F--JLJFJ| LJF7F7F---7       
       L7| L-7F7F7L7F-7L7|||F7 F-JF7LJLJL--JL7|L-7L7L7||F--J                        LJ|L--JLJL-7||L7F---JL7|||LJL7F-7 L7L-7FJ||LJF-7|       
        |L7  LJ||L7|L7|FJLJ|||FJF-JL---7F---7|L7FJFJ |LJL--7            F7     F7F7 F7L-7F7F-7FJLJ LJF--7FJ||L7F-J|FJF7|F-J|FJ|F-J LJ       
      F7L7| F7FJ|FJL-J|L--7LJ|L-J F---7LJF--JL-JL7L7FJF----J           FJL7  F7|LJL-JL--J|||FJ|F7F7F7L-7|| |L-JL--JL-JLJ|F7||FJL7           
     FJL-JL-J|L-JL---7L-7 L-7| F-7L--7|F7L-7F7F-7|FJL7L---7         F7 L-7L-7||L-----7F--JLJL7LJLJLJL--JLJFJF7F7F7F--7F7LJLJLJF7L7          
     |F7F---7|F7F-7F-JF7L--7|L7L7|F--JLJL--J|LJFJLJF7L-7F7L7        |L7 FJF-J|L7F-7F7LJF7F7F7|F-7F7F7F7F-7|FJLJLJ|L-7|||F-----JL7L7         
     LJLJ  FJ|||L7|L--JL--7|L7|FJ|L---7F7F-7L7FJ F-JL-7||L-JF7   F--JFJFJFJ FJFJL7||| FJLJLJLJ| LJLJLJLJ ||L---7 L--JLJ||F-----7L-JF-7      
         F7L7||L-J| F7F7F7|| ||L7| F7FJ|LJFJ ||F7L7F7FJLJ F7|L7  L--7L7L7L-7|FJ FJLJL7L-7F-7F-JF--7 F7 F7LJF7F7L---7F7 LJ|F----JF-7L7|      
         |L-JLJF-7L-JLJLJLJL-JL-JL-JLJFJF7L--JLJL-J|LJ F7FJ||FJ  F7 L7L-JF-J||F-JF---JF7LJ LJF7|F7L-JL-JL--JLJ|F--7LJL7 FJL7F7F7|FJFJL7     
        FJF7F-7|FJF-7F7F--7F7F-----7F7|FJL------7F-JF-7||L7||L7F-J|F7L--7L-7||L-7L7F7FJ|F7F--J|LJL-----------7||F7L7F7L-JF7LJLJLJL-JF-J     
        L-JLJ LJL7| LJLJF-J|||F---7LJLJL--7F7F7 LJF7|FJ|L7|LJFJ|F-J||F7 L-7|||F7|FJ||L7LJ|L--7L------7F------JLJ|L7|||F7FJL-7F--7F-7L-7     
       F--------7LJF7F7 L-7|||L7F7L--7F7F7LJLJL---JLJL7L7||F-JFJL-7||||F--JLJ||||L7|L-JF-JF7FJF-7F--7|L---------JFJLJ||||F7FJL-7LJ L--J     
       L7F-7F7F7L--JLJL7F-J|LJ LJL--7||||L7F7F7F7F7F--JFJLJL-7L7F7||LJ|L----7|||L7||F-7|F7|LJFJFJ|F-JL--7F--7F---JF-7|||LJ|L-7FJF--7F--7    
      F-JL7LJLJL---7F-7LJF-JF-------JLJLJFJ|||||||LJF7 |F7F7FJFJ|LJL-7| F7F-J|||FJLJL7LJ|||F7| L7||F---7|L-7|| F7 |FJLJL-7L7FJL-JF7||F-J    
      L--7|F-------JL7L7FJF7L----7F--7F7 L-JLJLJ||F-JL-J|||||FJFJF7F-JL7||L7FJ|LJF---JF7||LJLJF7LJLJF7FJL-7||L-JL-JL----7L7|L-7F-JLJ||      
         LJL-------7FJ || || F7F7LJF7LJL--7F7F7 LJ|F7F--JLJLJL7L7||L--7||| |L7L-7L---7|LJL-7F7||F7 FJLJF-7LJL-7F7F--7F--J |L7 |L-7F7|L7     
             F-----J|F-J|FJL-JLJL--JL7F-7FJ|LJL-7 ||LJF7F7F7F7|FJ||F7 |||L7L7L--JF---JL---7LJLJLJL-JF7FJ L7F7 LJLJF7LJF--7|FJFJF7LJLJFJ     
             L7F7F7FJL-7|L-7F7F-----7|L7LJFJF7F-JFJL7 |LJLJ||LJ|FJ|||FJ||FJ L---7L7F7F7 F7|F-7F-----J|| F-J|L-----JL--JF-JLJ L7||F-7FJ      
              LJ|||| F7LJF7LJLJ F---JL7L7FJFJLJF7L7FJFJF7F-JL-7||FJ|||FJ|| F----JFJ|LJ|FJ|LJ LJF-----JL7L7 |F----------J F--7 LJ||FJL7      
            F---J|||FJ|F-JL----7L--7F7L7LJFJF-7||FJL-JFJLJF---JLJL7|LJL7|L7L7F-7FJ |F-JL7L-7 F7L-7F--7FJ L-JL---7 F7F---7|F-JF-7LJL--J      
            L----JLJL7LJF7F7F-7L---J|| L--J L7|||L-7F-J F7L-----7FJL7F7LJFJ LJFJL-7|L7F7|F-JFJL-7LJF-J|F---7F---JFJLJF7FJ|L-7|FJ F7F-7      
              F7F7F-7L7FJLJ|| L7F---JL-----7FJ||L7 |L7F7||F7F7 FJL7 LJ|F7L7F7FJF7FJ|FJ||||F7L--7|F7L--JL--7|L7F--JF--JLJFJF-J|L7FJ||FJ      
           F--JLJ||FJFJL7F-JL-7LJF--7F-7F-7|L7|L7|FJFJ|LJ|||||FJF7|F--J|L7LJ|L7|LJFJL7||||||F7 |||L-7 F7F-JL7||F-7L---7 L7L--JFJL7LJL7      
           L----7LJL7L--JL7F--JF-JF7LJ LJ LJFJL-JLJFJ L7FJ||||L7|LJL---J L7FJ ||F7L-7|||||||||FJ|L-7L7||L--7LJ|L7L-7F-JF7|F---JF-JF-7|      
            F--7L--7L-7F7 LJF7 |F-JL7F7F7 F7L----7FJF7 ||FJLJ|FJL7 F7F7F-7||F7||||F7|LJ|||||||L7L-7L7LJ| F7L--JFJF7LJF-J|||F---JF-J LJ      
            L-7L---JF7|||F--JL7LJF7FJ|||L-J|F7F7FJL7||FJ|L-7FJL-7|FJ|||L7LJ||||||||||F-J||||||FJF-J |F7|FJL----JFJ|F-JF-J|||F---JF7         
              |F7F--J||||L---7L7FJLJ |||F--J||||L-7|||L7|F7|L7F-J||FJ|| L-7||LJ|||||||F7|||LJ||FJ F7LJ||L-------JFJL7FJF-JLJL----J| F7      
             FJ|LJF7FJLJL----JFJL--7FJLJL7F7||||F7|||L7|||||FJL7FJ||FJ|F7 ||L-7||||||LJ|||L-7|||F7|| FJ| F7F7F7F7L--JL-JF---------JFJ|      
             L-JF-JLJF7F---7F7L---7LJF7F-J|||||||||||FJ||||||F7|| |||FJ||FJ|F-J|||||L7FJ|L7FJ|||||||FJFJFJLJ|||||F---7F7L--7F7F7F-7|FJ      
            F7F7L--7FJ||F-7LJL---7L--JLJF7|||||||LJ||L7|LJ||LJ|||FJ||L-J||FJL-7|||||FJ|FJFJL7LJ|||||L7| L7F7LJLJ|L7F7LJ|F-7LJLJLJFJ||F7F7   
         F-7|||| F7|L7LJL7L------JF7 F7 ||||||||L7FJL7||F-J|F-J||L7||F--J|| F7|||||||FJ|FJF7L-7||||| ||F7LJL7 F7L-J||F7LJ |F7F7F7L-JLJLJ|   
         L7LJLJL-JLJFJ F7L-------7|L7|L7|||||||L7|L7FJ|||F-JL7FJ|FJLJ|F7FJ|FJ||||||||L7|L7|L7FJLJ||L7|LJ|F-7L-JL---JLJL7F7LJLJ|||F-7F7F-J   
          L7F7F7F-7FJF-JL--------JL7|L7||||||LJFJ|FJ| LJ|L--7||FJL7F-J||L7|L7||||||||FJ|FJL7|L-7 ||FJL-7LJ |F---7F-7F7FJ|L--7 LJLJ |||L-7   
         F7LJLJ|| ||FJF-7F7F-7F--7FJ|FJLJLJ||F7L7|L7L--7|F7FJ||L-7|L-7||FJ|FJ|||||||||FJ|F7||F7L7||L7F7L--7|L7F7LJ LJ|L-JF-7L----7 ||L7FJ   
        FJL---7|L7||L7L7LJLJ LJF-JL7||F----JLJ|FJ| L7F7||||L7LJF-JL-7|||| |L7||||||||||FJ|||LJ|FJ|| |||F7FJL-J||F--7 |F7FJ L--7F-JFJ| LJ    
        L-7F-7LJFJLJ |FJF7 F---JF7FJLJL7F7F7F7|L7|F-J|LJ|||FJ FJF7F7|LJ|L7|FJLJ||LJ||LJL-J|L-7|L7LJFJ|LJ|L-7F-JLJF7L7|||L-7F-7LJF7L7|       
       F7 ||FJF7L7F-7||FJL7L7F-7||L--7 ||LJ|||L7LJ|F7L-7|||L-7L7|||LJF-JFJ|| F-JL-7||F----JF7|L7L-7L7|F-JF7LJF--7||FJLJL7FJ|FJF-J| LJ       
       |L-J|L7||FJL7LJ||F7L-J|FJ|L7F-JFJL-7|||FJF-J||F-J|||F7L7|||L-7L-7| LJFJF-7FJLJL---7FJ|L7L-7L7||L7FJ|F7L-7LJ|L--7FJL-JL7|F-J          
       L7F7L7LJ|L-7L--J||L7F7|L7|FJL7 L--7||||| L-7||L-7LJ||L7||||F7L7 |L7F-JFJFJL7F-----JL7L7|F7|FJLJFJL7|||F7L7 L7F7|L7F-7FJ|L7           
        |||FJ FJF-JF7F7LJ LJ|L7|||F7|F---J||||L-7FJ||F7L-7LJ LJ||LJ|FJFJFJ|F7| L-7|L----7F7| |LJ|LJF--JF-J||||L7L7 LJLJ |L7|L-JFJ           
        LJLJ  L-JF7|||| F7F7L7|LJ||||L7F7FJ||L7FJL-J|||F7L----7|L7FJ|FJFJ LJ|L7F-J|F----J|||FJF7L-7L-7FJF-J||| L7L---7F7|FJ|F-7L-7          
             F---JLJLJL-J||L-JL7FJ||L7||||FJ|FJ|F---J|||L7F-7FJL7|L7|L7L7F-7|FJL7FJL7F7F7|LJL7||F7|F-JL7L-7|||F7L7F--J||LJ LJ L7FJ          
             L--7F7F7F7F7LJF7F7||FJ|FJ||||L7|L7|L-7F-J|L7LJ |L-7|L7LJ L-JL7LJL-7LJF7LJ|||L7F-J|LJLJ|F--J FJ||LJ|FJL---JL-----7FJL--7        
               FJ|LJLJ|||F7|||LJ||FJ|FJ||L7LJFJL7 LJF7|FJF-7|F-JL7L--7F---JF-7FJF-JL--J||FJ|F7L---7||F---JFJL7FJL7F---7F7F7F7|L-7F-J        
               |FJ F7 LJLJ|||L7 LJL7|L7||FJF-JF7|F--JLJL-JFJ|L-7 L-7FJL---7L7|L7|F7F7F7||| |||F-7FJLJL7F7FJF-JL7FJL--7||LJ||||F-JL7         
               LJF7||F7F--J|L7L-7F-J|FJ||L7|F7|||L7F7F7F7FJ |F7L-7FJ|F----JFJL-JLJ||||||||FJ||L7|L---7|||L7L7F7|L7F-7||L-7LJLJL-7FJ         
              F--JLJLJLJF-7L7|F-JL-7||FJ|FJ||||LJFJ||||||L-7|||F-JL7||F7F7FJF-----J|||||LJ|FJL7|L7F-7|||L7L7||LJFJL7||L--J     FJ|          
              L7F-7F7F-7|FJFJ|L7F--J||L7LJ ||LJF7L7|||LJ|F7|LJ|L-7 ||LJLJ|| |F7F-7FJ|||L7FJ| FJL7|L7||||FJFJ|L-7L7FJ|L---7     L-J          
               LJ LJLJ LJ|FJFJFJ|F--JL7L--7||F-JL-J|||F-J|||F-JF7L7||F---JL7LJ|| || |||FJL7L7|F7|L7|LJLJL7L7L7FJFJL7|F-7FJ                  
                     F---JL7L7L7LJF7F-JF--JLJL--7F-J||L-7|||L-7|L-J||L----7L-7||FJL7LJLJF7|FJ|||L7|L7F---JFJFJL7L7FJLJFJL--7                
                     L-7F7FJFJFJ FJLJF7|F7 F7  FJL7 ||F-J|LJF-JL-7 LJF----JF7||||F7L--7 |LJL7||L-JL7|L7F-7L7L7FJFJL-7 L-7F7|                
                      FJ||L7L7L7 L--7||LJL-J| FJF7L7LJL7FJ FJF7F7L7  L7F7F-J|||||||F-7L7L7F7||L--7 LJFJ|FJFJ |L7L7F-JF7 ||LJ                
                      L7||FJ L-JF7F-J||F7F7FJFJFJ|FJF--JL7FJFJ||L7L7 FJ||L-7||||||||FJFJFJ||||F-7L7 FJFJ|FJ  L-J |L--JL7LJ                  
                       LJ||   F-J|L-7|||LJLJ |FJ |L7L--7FJL7|FJL7L7|FJFJ|F7||||||||||FJ L7||||L7|FJ L-J ||F7  F--JF-7F7L---7                
                         LJ   L-7L--J||L7F---JL-7|FJ F-JL-7||L7FJFJ||FJFJ|||||LJ||LJ|L-7 LJ||L7|||      |LJL7 L7F7L7|||F7F7L7               
                                L7F-7|L7||F7F-7FJLJ FJF7F7||L7|L7L-J|L7L7|LJLJ FJL7 L--J   LJ ||LJ    F-JF--J  ||L-JLJLJLJL-J               
                                 |L7|| ||LJ||FJL7   L7|LJ|||FJ|FJ   |FJFJL-7   L-7L---7     F-JL7     L-7L7    ||                           
                                 L7||L7|L7 LJL7FJ    || FJ||L7LJ    LJ L--7|    FJF--7L7    |F7FJ       L-J    LJ                           
                                  ||L7||FJ   FJ|     LJ |FJL7L-7          LJ    L7L7 |FJ    LJ||                                            
                                 FJL7||LJ    L7L7       ||  L7FJ                 L7L7LJ       LJ                                            
                                 L--JLJ       |FJ       LJ   LJ                  FJFJ                                                       
                                              LJ                                 L-J                                                        
                                                                                                                                            
                                                                                                                                            
                                                                                                                                            
                                                                                                                                            
